<?xml version="1.0" encoding="UTF-8"?>
<testng-results ignored="0" total="1" passed="1" failed="0" skipped="0">
  <reporter-output>
  </reporter-output>
  <suite started-at="2020-03-18T12:48:24Z" name="Default suite" finished-at="2020-03-18T12:49:16Z" duration-ms="52460">
    <groups>
    </groups>
    <test started-at="2020-03-18T12:48:24Z" name="Default test" finished-at="2020-03-18T12:49:16Z" duration-ms="52460">
      <class name="Scripts.ValidLogin">
        <test-method is-config="true" signature="openApplication()[pri:0, instance:Scripts.ValidLogin@4c1909a3]" started-at="2020-03-18T18:18:24Z" name="openApplication" finished-at="2020-03-18T18:18:45Z" duration-ms="21395" status="PASS">
          <reporter-output>
          </reporter-output>
        </test-method> <!-- openApplication -->
        <test-method signature="testValidLogin()[pri:0, instance:Scripts.ValidLogin@4c1909a3]" started-at="2020-03-18T18:18:45Z" name="testValidLogin" finished-at="2020-03-18T18:19:16Z" duration-ms="31028" status="PASS">
          <reporter-output>
          </reporter-output>
        </test-method> <!-- testValidLogin -->
        <test-method is-config="true" signature="closeApplication(org.testng.ITestResult)[pri:0, instance:Scripts.ValidLogin@4c1909a3]" started-at="2020-03-18T18:19:16Z" name="closeApplication" finished-at="2020-03-18T18:19:16Z" duration-ms="1" status="PASS">
          <params>
            <param index="0">
              <value>
                <![CDATA[[TestResult name=testValidLogin status=SUCCESS method=ValidLogin.testValidLogin()[pri:0, instance:Scripts.ValidLogin@4c1909a3] output={null}]]]>
              </value>
            </param>
          </params>
          <reporter-output>
          </reporter-output>
        </test-method> <!-- closeApplication -->
      </class> <!-- Scripts.ValidLogin -->
    </test> <!-- Default test -->
  </suite> <!-- Default suite -->
</testng-results>
